Start testing: Jan 16 08:22 UTC
----------------------------------------------------------
1/1 Testing: integration_tests
1/1 Test: integration_tests
Command: "/home/codespace/.python/current/bin/python" "tester.py" "/workspaces/pseudocode/scsa"
Directory: /workspaces/pseudocode/tests
"integration_tests" start time: Jan 16 08:22 UTC
Output:
----------------------------------------------------------

[1m[96m=== Integration Tests ===[0m
[1mInterpreter:[0m /workspaces/pseudocode/scsa

[4mSuite: arrays[0m
  [92mPASS[0m array_iteration.scsa
  [92mPASS[0m array_methods.scsa
  [92mPASS[0m array_simple.scsa
  [92mPASS[0m array_slice.scsa
  [92mPASS[0m array_slice_ensure_shallow.scsa

[4mSuite: classes[0m
  [92mPASS[0m calculator.scsa
  [92mPASS[0m object_passed_by_reference.scsa
  [92mPASS[0m test_class_state.scsa
  [92mPASS[0m test_self_call.scsa

[4mSuite: complex-cases[0m
  [92mPASS[0m binary_search_tree.scsa
  [92mPASS[0m bubble_sort_new.scsa
  [92mPASS[0m bubble_sort_old.scsa
  [92mPASS[0m linked_list.scsa
  [92mPASS[0m quick_sort.scsa

[4mSuite: functions[0m
  [92mPASS[0m early_return.scsa
  [92mPASS[0m factorial.scsa
  [92mPASS[0m fibonacci.scsa
  [92mPASS[0m higher_order_funcs.scsa
  [92mPASS[0m local_shadows_global.scsa
  [92mPASS[0m multi_arg.scsa
  [92mPASS[0m odd_even_recursion.scsa
  [92mPASS[0m physics_freefall.scsa
  [92mPASS[0m scope.scsa

[4mSuite: lexing-errors[0m
  [92mPASS[0m exclamation.scsa
  [92mPASS[0m identifier_starts_with_number.scsa
  [92mPASS[0m unexpected_char_1.scsa
  [92mPASS[0m unexpected_char_2.scsa
  [92mPASS[0m unexpected_character_3.scsa
  [92mPASS[0m unexpected_character_4.scsa
  [92mPASS[0m unterminated_1.scsa
  [92mPASS[0m unterminated_2.scsa

[4mSuite: loops[0m
  [92mPASS[0m 2d_coordinates.scsa
  [92mPASS[0m for_in_1.scsa
  [92mPASS[0m for_in_2.scsa
  [92mPASS[0m while_1.scsa
  [92mPASS[0m while_2.scsa

[4mSuite: operator-precedence[0m
  [92mPASS[0m assign_tests.scsa
  [92mPASS[0m call_tests.scsa
  [92mPASS[0m logic_tests.scsa
  [92mPASS[0m parens_tests.scsa
  [92mPASS[0m primary_school.scsa

[4mSuite: parsing-errors[0m
  [92mPASS[0m array_missing_close.scsa
  [92mPASS[0m array_trailing_comma.scsa
  [92mPASS[0m class_missing_end_name.scsa
  [92mPASS[0m class_name_mismatch.scsa
  [92mPASS[0m empty_subscript.scsa
  [92mPASS[0m for_bad_variable.scsa
  [92mPASS[0m for_missing_in.scsa
  [92mPASS[0m for_wrong_footer.scsa
  [92mPASS[0m func_missing_end_name.scsa
  [92mPASS[0m func_name_mismatch.scsa
  [92mPASS[0m if_missing_end.scsa
  [92mPASS[0m if_missing_then.scsa
  [92mPASS[0m if_wrong_footer.scsa
  [92mPASS[0m invalid_assign_1.scsa
  [92mPASS[0m invalid_assignment_2.scsa
  [92mPASS[0m invalid_assignment_3.scsa
  [92mPASS[0m mismatch_nested.scsa
  [92mPASS[0m new_missing_class.scsa
  [92mPASS[0m new_missing_lparen.scsa
  [92mPASS[0m new_missing_rparen.scsa
  [92mPASS[0m unclosed_bracket.scsa
  [92mPASS[0m unclosed_nested.scsa
  [92mPASS[0m unclosed_subscript.scsa
  [92mPASS[0m while_missing_end.scsa
  [92mPASS[0m while_wrong_footer.scsa

[4mSuite: runtime-errors[0m
  [92mPASS[0m array_out_of_bounds_1.scsa
  [92mPASS[0m array_out_of_bounds_2.scsa
  [92mPASS[0m call_an_int.scsa
  [92mPASS[0m class_instantiation.scsa
  [92mPASS[0m class_wrong_arity_1.scsa
  [92mPASS[0m class_wrong_arity_2.scsa
  [92mPASS[0m divide_by_zero.scsa
  [92mPASS[0m in_operator_must_be_list.scsa
  [92mPASS[0m index_into_float.scsa
  [92mPASS[0m only_instance_have_fields.scsa
  [92mPASS[0m only_instances_have_properties.scsa
  [92mPASS[0m undefined_1.scsa
  [92mPASS[0m undefined_2.scsa
  [92mPASS[0m undefined_3.scsa
  [92mPASS[0m undefined_property.scsa
  [92mPASS[0m wrong_arity_1.scsa
  [92mPASS[0m wrong_arity_2.scsa
  [92mPASS[0m wrong_arity_3.scsa

[4mSuite: standard-lib[0m
  [92mPASS[0m bool_convert.scsa
  [92mPASS[0m float_convert.scsa
  [92mPASS[0m int_convert.scsa
  [92mPASS[0m output_tests.scsa
  [92mPASS[0m print_tests_complex.scsa
  [92mPASS[0m print_tests_simple.scsa
  [92mPASS[0m random_tests.scsa
  [92mPASS[0m string_convert.scsa
  [92mPASS[0m time_tests.scsa

[1m--- Result Summary ---[0m
 Count:    93
  [92mPASS:    93[0m
  [91mFAIL:    0[0m
  [93mSKIP:    0[0m
----------------------

<end of output>
Test time =   0.23 sec
----------------------------------------------------------
Test Passed.
"integration_tests" end time: Jan 16 08:22 UTC
"integration_tests" time elapsed: 00:00:00
----------------------------------------------------------

End testing: Jan 16 08:22 UTC
